Start testing: May 14 21:26 台北標準時間
----------------------------------------------------------
1/17 Testing: pitch_detector_tests
1/17 Test: pitch_detector_tests
Command: "C:/Users/user/Documents/app/music_elf/build_ninja/pitch_detector_tests.exe"
Directory: C:/Users/user/Documents/app/music_elf/build_ninja
"pitch_detector_tests" start time: May 14 21:26 台北標準時間
Output:
----------------------------------------------------------
processed 10s in 0.0451213s, realtime factor=0.00451213, frames=3743
pitch_detector_tests passed
<end of output>
Test time =   0.73 sec
----------------------------------------------------------
Test Passed.
"pitch_detector_tests" end time: May 14 21:26 台北標準時間
"pitch_detector_tests" time elapsed: 00:00:00
----------------------------------------------------------

2/17 Testing: note_segmenter_tests
2/17 Test: note_segmenter_tests
Command: "C:/Users/user/Documents/app/music_elf/build_ninja/note_segmenter_tests.exe"
Directory: C:/Users/user/Documents/app/music_elf/build_ninja
"note_segmenter_tests" start time: May 14 21:26 台北標準時間
Output:
----------------------------------------------------------
note_segmenter_tests passed
<end of output>
Test time =   0.50 sec
----------------------------------------------------------
Test Passed.
"note_segmenter_tests" end time: May 14 21:26 台北標準時間
"note_segmenter_tests" time elapsed: 00:00:00
----------------------------------------------------------

3/17 Testing: rhythm_dynamics_tests
3/17 Test: rhythm_dynamics_tests
Command: "C:/Users/user/Documents/app/music_elf/build_ninja/rhythm_dynamics_tests.exe"
Directory: C:/Users/user/Documents/app/music_elf/build_ninja
"rhythm_dynamics_tests" start time: May 14 21:26 台北標準時間
Output:
----------------------------------------------------------
rhythm_dynamics_tests passed
<end of output>
Test time =   0.54 sec
----------------------------------------------------------
Test Passed.
"rhythm_dynamics_tests" end time: May 14 21:26 台北標準時間
"rhythm_dynamics_tests" time elapsed: 00:00:00
----------------------------------------------------------

4/17 Testing: harmony_tests
4/17 Test: harmony_tests
Command: "C:/Users/user/Documents/app/music_elf/build_ninja/harmony_tests.exe"
Directory: C:/Users/user/Documents/app/music_elf/build_ninja
"harmony_tests" start time: May 14 21:26 台北標準時間
Output:
----------------------------------------------------------
harmony_tests passed
<end of output>
Test time =   0.40 sec
----------------------------------------------------------
Test Passed.
"harmony_tests" end time: May 14 21:26 台北標準時間
"harmony_tests" time elapsed: 00:00:00
----------------------------------------------------------

5/17 Testing: arrangement_midi_tests
5/17 Test: arrangement_midi_tests
Command: "C:/Users/user/Documents/app/music_elf/build_ninja/arrangement_midi_tests.exe"
Directory: C:/Users/user/Documents/app/music_elf/build_ninja
"arrangement_midi_tests" start time: May 14 21:26 台北標準時間
Output:
----------------------------------------------------------
arrangement_midi_tests passed
<end of output>
Test time =   0.59 sec
----------------------------------------------------------
Test Passed.
"arrangement_midi_tests" end time: May 14 21:26 台北標準時間
"arrangement_midi_tests" time elapsed: 00:00:00
----------------------------------------------------------

6/17 Testing: audio_renderer_tests
6/17 Test: audio_renderer_tests
Command: "C:/Users/user/Documents/app/music_elf/build_ninja/audio_renderer_tests.exe"
Directory: C:/Users/user/Documents/app/music_elf/build_ninja
"audio_renderer_tests" start time: May 14 21:26 台北標準時間
Output:
----------------------------------------------------------
audio_renderer_tests passed
<end of output>
Test time =   0.49 sec
----------------------------------------------------------
Test Passed.
"audio_renderer_tests" end time: May 14 21:26 台北標準時間
"audio_renderer_tests" time elapsed: 00:00:00
----------------------------------------------------------

7/17 Testing: lyrics_musicxml_tests
7/17 Test: lyrics_musicxml_tests
Command: "C:/Users/user/Documents/app/music_elf/build_ninja/lyrics_musicxml_tests.exe"
Directory: C:/Users/user/Documents/app/music_elf/build_ninja
"lyrics_musicxml_tests" start time: May 14 21:26 台北標準時間
Output:
----------------------------------------------------------
lyrics_musicxml_tests passed
<end of output>
Test time =   0.57 sec
----------------------------------------------------------
Test Passed.
"lyrics_musicxml_tests" end time: May 14 21:26 台北標準時間
"lyrics_musicxml_tests" time elapsed: 00:00:00
----------------------------------------------------------

8/17 Testing: audio_io_tests
8/17 Test: audio_io_tests
Command: "C:/Users/user/Documents/app/music_elf/build_ninja/audio_io_tests.exe"
Directory: C:/Users/user/Documents/app/music_elf/build_ninja
"audio_io_tests" start time: May 14 21:26 台北標準時間
Output:
----------------------------------------------------------
audio_io_tests passed
<end of output>
Test time =   0.37 sec
----------------------------------------------------------
Test Passed.
"audio_io_tests" end time: May 14 21:26 台北標準時間
"audio_io_tests" time elapsed: 00:00:00
----------------------------------------------------------

9/17 Testing: pipeline_integration_tests
9/17 Test: pipeline_integration_tests
Command: "C:/Users/user/Documents/app/music_elf/build_ninja/pipeline_integration_tests.exe"
Directory: C:/Users/user/Documents/app/music_elf/build_ninja
"pipeline_integration_tests" start time: May 14 21:26 台北標準時間
Output:
----------------------------------------------------------
pipeline_integration_tests passed
<end of output>
Test time =   0.68 sec
----------------------------------------------------------
Test Passed.
"pipeline_integration_tests" end time: May 14 21:26 台北標準時間
"pipeline_integration_tests" time elapsed: 00:00:00
----------------------------------------------------------

10/17 Testing: c_api_tests
10/17 Test: c_api_tests
Command: "C:/Users/user/Documents/app/music_elf/build_ninja/c_api_tests.exe"
Directory: C:/Users/user/Documents/app/music_elf/build_ninja
"c_api_tests" start time: May 14 21:26 台北標準時間
Output:
----------------------------------------------------------
c_api_tests passed
<end of output>
Test time =   0.74 sec
----------------------------------------------------------
Test Passed.
"c_api_tests" end time: May 14 21:26 台北標準時間
"c_api_tests" time elapsed: 00:00:00
----------------------------------------------------------

11/17 Testing: model_interfaces_tests
11/17 Test: model_interfaces_tests
Command: "C:/Users/user/Documents/app/music_elf/build_ninja/model_interfaces_tests.exe"
Directory: C:/Users/user/Documents/app/music_elf/build_ninja
"model_interfaces_tests" start time: May 14 21:26 台北標準時間
Output:
----------------------------------------------------------
model_interfaces_tests passed
<end of output>
Test time =   0.64 sec
----------------------------------------------------------
Test Passed.
"model_interfaces_tests" end time: May 14 21:26 台北標準時間
"model_interfaces_tests" time elapsed: 00:00:00
----------------------------------------------------------

12/17 Testing: midi_catalog_tests
12/17 Test: midi_catalog_tests
Command: "C:/Users/user/Documents/app/music_elf/build_ninja/midi_catalog_tests.exe"
Directory: C:/Users/user/Documents/app/music_elf/build_ninja
"midi_catalog_tests" start time: May 14 21:26 台北標準時間
Output:
----------------------------------------------------------
midi_catalog_tests passed
<end of output>
Test time =   0.34 sec
----------------------------------------------------------
Test Passed.
"midi_catalog_tests" end time: May 14 21:26 台北標準時間
"midi_catalog_tests" time elapsed: 00:00:00
----------------------------------------------------------

13/17 Testing: export_snapshot_tests
13/17 Test: export_snapshot_tests
Command: "C:/Users/user/Documents/app/music_elf/build_ninja/export_snapshot_tests.exe"
Directory: C:/Users/user/Documents/app/music_elf/build_ninja
"export_snapshot_tests" start time: May 14 21:26 台北標準時間
Output:
----------------------------------------------------------
export_snapshot_tests passed
<end of output>
Test time =   0.52 sec
----------------------------------------------------------
Test Passed.
"export_snapshot_tests" end time: May 14 21:26 台北標準時間
"export_snapshot_tests" time elapsed: 00:00:00
----------------------------------------------------------

14/17 Testing: cli_end_to_end_tests
14/17 Test: cli_end_to_end_tests
Command: "C:/Users/user/Documents/app/music_elf/build_ninja/cli_end_to_end_tests.exe" "C:/Users/user/Documents/app/music_elf/build_ninja/music_elf_cli.exe"
Directory: C:/Users/user/Documents/app/music_elf/build_ninja
"cli_end_to_end_tests" start time: May 14 21:26 台北標準時間
Output:
----------------------------------------------------------
Music Elf analysis complete
Input: cli_input.wav
Pitch frames: 443
Notes: 1
Estimated BPM: 120
Chord candidates: 5
Accompaniment notes: 5
Wrote MIDI: cli_output.mid
Wrote MusicXML: cli_output.musicxml
Generated MIDI catalog
Output dir: cli_catalog_out
Instruments: 2
Roots: 2
Chord types: 2
Files: 8
Rendered preview WAV
Program: 0 Acoustic Grand Piano
Chord: C Major
Waveform: sine
Output: cli_preview.wav
command: inspect
input: cli_inspect_input.wav
sample_rate: 48000
channels: 1
duration_seconds: 1.000
pitch_frames: 368
voiced_pitch_frames: 368
pitch_stability_cents: 0.869
stable_pitch_frames: 368
stable_pitch_frame_ratio: 1.000
notes: 1
estimated_bpm: 120.000
key: A major
key_confidence: 0.153
chord_progressions: 5
top_progression_style: Pop
first_chord: A
accompaniment_notes: 3
lyric_alignments: 1
midi_bytes: 93
musicxml_chars: 922
command: benchmark
input: cli_benchmark_input.wav
sample_rate: 48000
channels: 1
duration_seconds: 1.000
pitch_frames: 368
voiced_pitch_frames: 368
pitch_stability_cents: 0.869
stable_pitch_frames: 368
stable_pitch_frame_ratio: 1.000
notes: 1
estimated_bpm: 120.000
key: A major
key_confidence: 0.153
chord_progressions: 5
top_progression_style: Pop
first_chord: A
accompaniment_notes: 3
lyric_alignments: 0
midi_bytes: 93
musicxml_chars: 883
benchmark_iterations: 2
benchmark_average_ms: 4.685
benchmark_min_ms: 4.662
benchmark_max_ms: 4.708
Rendered pipeline preview WAV
Input: cli_render_preview_input.wav
Waveform: triangle
Preview notes: 5
Output: cli_render_preview.wav
cli_end_to_end_tests passed
<end of output>
Test time =   1.46 sec
----------------------------------------------------------
Test Passed.
"cli_end_to_end_tests" end time: May 14 21:26 台北標準時間
"cli_end_to_end_tests" time elapsed: 00:00:01
----------------------------------------------------------

15/17 Testing: music_elf_cli_help
15/17 Test: music_elf_cli_help
Command: "C:/Users/user/Documents/app/music_elf/build_ninja/music_elf_cli.exe" "--help"
Directory: C:/Users/user/Documents/app/music_elf/build_ninja
"music_elf_cli_help" start time: May 14 21:26 台北標準時間
Output:
----------------------------------------------------------
Usage: music_elf_cli <input.wav> [--out-midi file.mid] [--out-musicxml file.musicxml]
                     [--lyrics "word word"] [--pattern block|arpeggio|broken|pad]
                     [--analysis-wav file.wav]
       music_elf_cli inspect <input.wav> [--out-summary file]
                     [--lyrics "word word"] [--pattern block|arpeggio|broken|pad]
                     [--analysis-wav file.wav]
       music_elf_cli benchmark <input.wav> [--iterations count] [--out-summary file]
                     [--lyrics "word word"] [--pattern block|arpeggio|broken|pad]
                     [--analysis-wav file.wav]
       music_elf_cli render-preview <input.wav> [--out-wav preview.wav]
                     [--lyrics "word word"] [--pattern block|arpeggio|broken|pad]
                     [--waveform sine|square|saw|triangle]
                     [--analysis-wav file.wav]
       music_elf_cli render-beats <input.wav> [--out-wav beats.wav]
                     [--click-gain 0.5] [--source-gain 1.0]
                     [--beat-freq 1000] [--downbeat-freq 1600] [--click-duration 0.06]
                     [--analysis-wav file.wav]
       music_elf_cli generate-catalog [--out-dir dir]
                     [--instruments all|0,40] [--roots all|C,D,E]
                     [--chords all|major,minor,dom7] [--duration seconds]
                     [--bpm bpm] [--octave octave]
       music_elf_cli render-demo [--out-wav preview.wav]
                     [--program 0] [--root C] [--chord major]
                     [--waveform sine|square|saw|triangle]
<end of output>
Test time =   0.01 sec
----------------------------------------------------------
Test Passed.
"music_elf_cli_help" end time: May 14 21:26 台北標準時間
"music_elf_cli_help" time elapsed: 00:00:00
----------------------------------------------------------

16/17 Testing: acapella_real_audio_tests
16/17 Test: acapella_real_audio_tests
Command: "C:/Users/user/Documents/app/music_elf/build_ninja/acapella_real_audio_tests.exe"
Directory: C:/Users/user/Documents/app/music_elf/build_ninja
"acapella_real_audio_tests" start time: May 14 21:26 台北標準時間
Output:
----------------------------------------------------------
acapella_real_audio_tests: 177 sub-tests, 0 failures
outputs written to C:/Users/user/Documents/app/music_elf/build_ninja/acapella_outputs
<end of output>
Test time =   3.06 sec
----------------------------------------------------------
Test Passed.
"acapella_real_audio_tests" end time: May 14 21:26 台北標準時間
"acapella_real_audio_tests" time elapsed: 00:00:03
----------------------------------------------------------

17/17 Testing: acapella_cli_tests
17/17 Test: acapella_cli_tests
Command: "C:/Users/user/Documents/app/music_elf/build_ninja/acapella_cli_tests.exe" "C:/Users/user/Documents/app/music_elf/build_ninja/music_elf_cli.exe"
Directory: C:/Users/user/Documents/app/music_elf/build_ninja
"acapella_cli_tests" start time: May 14 21:26 台北標準時間
Output:
----------------------------------------------------------
Music Elf analysis complete
Input: C:/Users/user/Documents/app/music_elf/data/acapella\Twinkle Twinkle Little Star - Acapella +4Semitone 8kHz.wav
Pitch frames: 1433
Notes: 67
Estimated BPM: 125
Chord candidates: 5
Accompaniment notes: 103
Wrote MIDI: C:/Users/user/Documents/app/music_elf/build_ninja/acapella_outputs\cli\twinkle.mid
Wrote MusicXML: C:/Users/user/Documents/app/music_elf/build_ninja/acapella_outputs\cli\twinkle.musicxml
command: inspect
input: C:/Users/user/Documents/app/music_elf/data/acapella\Twinkle Twinkle Little Star - Acapella +4Semitone 8kHz.wav
sample_rate: 8000
channels: 1
duration_seconds: 23.050
pitch_frames: 1433
voiced_pitch_frames: 1301
pitch_stability_cents: 20.754
stable_pitch_frames: 821
stable_pitch_frame_ratio: 0.631
notes: 67
estimated_bpm: 125.000
key: Ab minor
key_confidence: 0.014
chord_progressions: 5
top_progression_style: Ballad
first_chord: Abm
accompaniment_notes: 36
lyric_alignments: 4
midi_bytes: 927
musicxml_chars: 21928
command: benchmark
input: C:/Users/user/Documents/app/music_elf/data/acapella\Twinkle Twinkle Little Star - Acapella +4Semitone 8kHz.wav
sample_rate: 8000
channels: 1
duration_seconds: 23.050
pitch_frames: 1433
voiced_pitch_frames: 1301
pitch_stability_cents: 20.754
stable_pitch_frames: 821
stable_pitch_frame_ratio: 0.631
notes: 67
estimated_bpm: 125.000
key: Ab minor
key_confidence: 0.014
chord_progressions: 5
top_progression_style: Ballad
first_chord: Abm
accompaniment_notes: 36
lyric_alignments: 0
midi_bytes: 927
musicxml_chars: 21756
benchmark_iterations: 2
benchmark_average_ms: 87.190
benchmark_min_ms: 86.878
benchmark_max_ms: 87.501
Rendered pipeline preview WAV
Input: C:/Users/user/Documents/app/music_elf/data/acapella\Twinkle Twinkle Little Star - Acapella +4Semitone 8kHz.wav
Waveform: triangle
Preview notes: 103
Output: C:/Users/user/Documents/app/music_elf/build_ninja/acapella_outputs\cli\twinkle_preview.wav
acapella_cli_tests passed; outputs under C:/Users/user/Documents/app/music_elf/build_ninja/acapella_outputs/cli/
<end of output>
Test time =   1.33 sec
----------------------------------------------------------
Test Passed.
"acapella_cli_tests" end time: May 14 21:26 台北標準時間
"acapella_cli_tests" time elapsed: 00:00:01
----------------------------------------------------------

End testing: May 14 21:26 台北標準時間
